Arguments: 
  /Users/uttovendel/.nvm/versions/node/v18.16.1/bin/node /opt/homebrew/bin/yarn add escape-html

PATH: 
  /Users/uttovendel/Library/pnpm:/Users/uttovendel/.nvm/versions/node/v18.16.1/bin:/opt/homebrew/opt/node@14/bin:/Users/uttovendel/opt/anaconda3/bin:/opt/homebrew/bin:/opt/homebrew/bin:/usr/local/bin:/usr/local/bin:/usr/bin:/bin:/usr/sbin:/sbin

Yarn version: 
  1.22.17

Node version: 
  18.16.1

Platform: 
  darwin arm64

Trace: 
  Error: ENOENT: no such file or directory, copyfile '/Users/uttovendel/Library/Caches/Yarn/v6/npm-estraverse-4.3.0-398ad3f3c5a24948be7725e83d11a7de28cdbd1d-integrity/node_modules/estraverse/.jshintrc' -> '/Users/uttovendel/Documents/projects/sudev/jatekszin/jatekszin-frontend/node_modules/@typescript-eslint/utils/node_modules/estraverse/.jshintrc'

npm manifest: 
  {
  	"name": "",
  	"version": "0.0.1",
  	"private": true,
  	"scripts": {
  		"dev": "vite dev",
  		"build": "vite build",
  		"preview": "vite preview",
  		"check": "svelte-kit sync && svelte-check --tsconfig ./tsconfig.json",
  		"check:watch": "svelte-kit sync && svelte-check --tsconfig ./tsconfig.json --watch",
  		"lint": "prettier --plugin-search-dir . --check . && eslint .",
  		"format": "prettier --plugin-search-dir . --write ."
  	},
  	"devDependencies": {
  		"@floating-ui/dom": "^1.5.1",
  		"@skeletonlabs/skeleton": "^1.12.0",
  		"@sveltejs/adapter-auto": "^2.0.0",
  		"@sveltejs/adapter-node": "^1.3.1",
  		"@sveltejs/kit": "^1.5.0",
  		"@tailwindcss/typography": "^0.5.9",
  		"@typescript-eslint/eslint-plugin": "^5.45.0",
  		"@typescript-eslint/parser": "^5.45.0",
  		"autoprefixer": "^10.4.15",
  		"eslint": "^8.28.0",
  		"eslint-config-prettier": "^8.5.0",
  		"eslint-plugin-svelte": "^2.26.0",
  		"postcss": "^8.4.28",
  		"prettier": "^2.8.0",
  		"prettier-plugin-svelte": "^2.8.1",
  		"svelte": "^3.54.0",
  		"svelte-check": "^3.0.1",
  		"tailwindcss": "^3.3.3",
  		"tslib": "^2.4.1",
  		"typescript": "^5.0.0",
  		"vite": "^4.3.0",
  		"vite-imagetools": "^5.0.8"
  	},
  	"type": "module",
  	"dependencies": {
  		"@fullcalendar/core": "^6.1.8",
  		"@fullcalendar/list": "^6.1.8",
  		"axios": "^1.4.0",
  		"dotenv": "^16.3.1",
  		"svelte-icons-pack": "^2.1.0",
  		"svelte-scrolling": "^1.2.2",
  		"swiper": "^10.2.0"
  	}
  }

yarn manifest: 
  No manifest

Lockfile: 
  No lockfile
